{"meta": {"format": 2, "version": "7.4.4", "timestamp": "2024-04-03T16:50:51.965495", "branch_coverage": false, "show_contexts": false}, "files": {"app\\__init__.py": {"executed_lines": [0], "summary": {"covered_lines": 0, "num_statements": 0, "percent_covered": 100.0, "percent_covered_display": "100", "missing_lines": 0, "excluded_lines": 0}, "missing_lines": [], "excluded_lines": []}, "app\\databases\\recipe_database.py": {"executed_lines": [1, 2, 7, 8, 11, 13, 16, 17, 18, 19, 20, 21, 22, 25, 29, 34, 35, 37, 38, 40, 44, 45, 46, 50, 53, 55, 57, 58, 59, 65, 67, 69, 71, 72, 73, 74, 77, 78, 79, 82], "summary": {"covered_lines": 40, "num_statements": 42, "percent_covered": 95.23809523809524, "percent_covered_display": "95", "missing_lines": 2, "excluded_lines": 0}, "missing_lines": [61, 80], "excluded_lines": []}, "app\\main.py": {"executed_lines": [1, 2, 3, 5, 7, 9, 18, 19], "summary": {"covered_lines": 8, "num_statements": 8, "percent_covered": 100.0, "percent_covered_display": "100", "missing_lines": 0, "excluded_lines": 0}, "missing_lines": [], "excluded_lines": []}, "app\\models.py": {"executed_lines": [1, 2, 6, 7, 8, 9, 10, 14, 15, 16, 19, 20, 21, 22, 23, 24, 25], "summary": {"covered_lines": 17, "num_statements": 17, "percent_covered": 100.0, "percent_covered_display": "100", "missing_lines": 0, "excluded_lines": 0}, "missing_lines": [], "excluded_lines": []}, "app\\routers\\__init__.py": {"executed_lines": [0], "summary": {"covered_lines": 0, "num_statements": 0, "percent_covered": 100.0, "percent_covered_display": "100", "missing_lines": 0, "excluded_lines": 0}, "missing_lines": [], "excluded_lines": []}, "app\\routers\\ingredient.py": {"executed_lines": [1, 2, 3, 5, 8, 10, 11, 20, 21, 41, 42, 55, 56, 77, 78], "summary": {"covered_lines": 15, "num_statements": 29, "percent_covered": 51.724137931034484, "percent_covered_display": "52", "missing_lines": 14, "excluded_lines": 0}, "missing_lines": [18, 34, 35, 37, 52, 53, 70, 71, 72, 74, 91, 92, 93, 95], "excluded_lines": []}, "app\\routers\\recipe.py": {"executed_lines": [1, 2, 3, 4, 7, 10, 17, 23, 24, 28, 29, 42, 43, 44, 45, 48, 53, 59, 60, 61, 62, 63, 67, 68, 75, 76, 78, 81, 82, 90, 91, 93], "summary": {"covered_lines": 32, "num_statements": 35, "percent_covered": 91.42857142857143, "percent_covered_display": "91", "missing_lines": 3, "excluded_lines": 0}, "missing_lines": [64, 77, 92], "excluded_lines": []}, "app\\test_recipe.py": {"executed_lines": [1, 2, 3, 6, 7, 8, 9, 10, 11, 14, 15, 16, 17, 18, 19, 20, 23, 24, 25, 28, 29, 30, 32, 45, 46, 47, 50, 51, 52, 53, 54, 67, 70, 81, 82, 83, 84, 85, 86], "summary": {"covered_lines": 39, "num_statements": 47, "percent_covered": 82.97872340425532, "percent_covered_display": "83", "missing_lines": 8, "excluded_lines": 0}, "missing_lines": [71, 74, 75, 78, 87, 90, 91, 92], "excluded_lines": []}}, "totals": {"covered_lines": 151, "num_statements": 178, "percent_covered": 84.8314606741573, "percent_covered_display": "85", "missing_lines": 27, "excluded_lines": 0}}